<?xml version="1.0" encoding="UTF-8"?>
<robot generator="Robot 3.2.2 (Python 3.7.5 on win32)" generated="20210325 12:09:49.730" rpa="false">
<suite id="s1" name="SeleniumConcept" source="C:\Projects\EEA\ATT\eclipse_workspace\SeleniumConcept">
<suite id="s1-s1" name="Open Emr" source="C:\Projects\EEA\ATT\eclipse_workspace\SeleniumConcept\open_emr">
<suite id="s1-s1-s1" name="Data Driver Test" source="C:\Projects\EEA\ATT\eclipse_workspace\SeleniumConcept\open_emr\data_driver_test.robot">
<test id="s1-s1-s1-t1" name="TC1">
<kw name="Check_values">
<arguments>
<arg>aaa</arg>
</arguments>
<kw name="Set Local Variable" library="BuiltIn">
<doc>Makes a variable available everywhere within the local scope.</doc>
<arguments>
<arg>${var}</arg>
<arg>${value}</arg>
</arguments>
<msg timestamp="20210325 12:09:51.125" level="INFO">${var} = aaa</msg>
<status status="PASS" starttime="20210325 12:09:51.124" endtime="20210325 12:09:51.125"></status>
</kw>
<kw name="Log To Console" library="BuiltIn">
<doc>Logs the given message to the console.</doc>
<arguments>
<arg>${var}</arg>
</arguments>
<status status="PASS" starttime="20210325 12:09:51.126" endtime="20210325 12:09:51.127"></status>
</kw>
<status status="PASS" starttime="20210325 12:09:51.123" endtime="20210325 12:09:51.128"></status>
</kw>
<status status="PASS" starttime="20210325 12:09:51.122" endtime="20210325 12:09:51.128" critical="yes"></status>
</test>
<test id="s1-s1-s1-t2" name="TC1">
<kw name="Check_values">
<arguments>
<arg>bb</arg>
</arguments>
<kw name="Set Local Variable" library="BuiltIn">
<doc>Makes a variable available everywhere within the local scope.</doc>
<arguments>
<arg>${var}</arg>
<arg>${value}</arg>
</arguments>
<msg timestamp="20210325 12:09:51.132" level="INFO">${var} = bb</msg>
<status status="PASS" starttime="20210325 12:09:51.131" endtime="20210325 12:09:51.132"></status>
</kw>
<kw name="Log To Console" library="BuiltIn">
<doc>Logs the given message to the console.</doc>
<arguments>
<arg>${var}</arg>
</arguments>
<status status="PASS" starttime="20210325 12:09:51.133" endtime="20210325 12:09:51.133"></status>
</kw>
<status status="PASS" starttime="20210325 12:09:51.130" endtime="20210325 12:09:51.134"></status>
</kw>
<status status="PASS" starttime="20210325 12:09:51.130" endtime="20210325 12:09:51.135" critical="yes"></status>
</test>
<test id="s1-s1-s1-t3" name="TC1">
<kw name="Check_values">
<arguments>
<arg>cc</arg>
</arguments>
<kw name="Set Local Variable" library="BuiltIn">
<doc>Makes a variable available everywhere within the local scope.</doc>
<arguments>
<arg>${var}</arg>
<arg>${value}</arg>
</arguments>
<msg timestamp="20210325 12:09:51.139" level="INFO">${var} = cc</msg>
<status status="PASS" starttime="20210325 12:09:51.138" endtime="20210325 12:09:51.139"></status>
</kw>
<kw name="Log To Console" library="BuiltIn">
<doc>Logs the given message to the console.</doc>
<arguments>
<arg>${var}</arg>
</arguments>
<status status="PASS" starttime="20210325 12:09:51.140" endtime="20210325 12:09:51.140"></status>
</kw>
<status status="PASS" starttime="20210325 12:09:51.137" endtime="20210325 12:09:51.141"></status>
</kw>
<status status="PASS" starttime="20210325 12:09:51.135" endtime="20210325 12:09:51.141" critical="yes"></status>
</test>
<status status="PASS" starttime="20210325 12:09:49.883" endtime="20210325 12:09:51.142"></status>
</suite>
<status status="PASS" starttime="20210325 12:09:49.873" endtime="20210325 12:09:51.145"></status>
</suite>
<status status="PASS" starttime="20210325 12:09:49.811" endtime="20210325 12:09:51.147"></status>
</suite>
<statistics>
<total>
<stat pass="3" fail="0">Critical Tests</stat>
<stat pass="3" fail="0">All Tests</stat>
</total>
<tag>
</tag>
<suite>
<stat pass="3" fail="0" id="s1" name="SeleniumConcept">SeleniumConcept</stat>
<stat pass="3" fail="0" id="s1-s1" name="Open Emr">SeleniumConcept.Open Emr</stat>
<stat pass="3" fail="0" id="s1-s1-s1" name="Data Driver Test">SeleniumConcept.Open Emr.Data Driver Test</stat>
</suite>
</statistics>
<errors>
<msg timestamp="20210325 12:09:51.129" level="WARN">Multiple test cases with name 'TC1' executed in test suite 'SeleniumConcept.Open Emr.Data Driver Test'.</msg>
<msg timestamp="20210325 12:09:51.135" level="WARN">Multiple test cases with name 'TC1' executed in test suite 'SeleniumConcept.Open Emr.Data Driver Test'.</msg>
</errors>
</robot>
